0 info it worked if it ends with ok
1 verbose cli [ '/usr/bin/node', '/usr/bin/npm', 'run', 'full' ]
2 info using npm@3.5.2
3 info using node@v8.10.0
4 verbose run-script [ 'prefull', 'full', 'postfull' ]
5 info lifecycle LootSafe.api@1.0.0~prefull: LootSafe.api@1.0.0
6 silly lifecycle LootSafe.api@1.0.0~prefull: no script for prefull, continuing
7 info lifecycle LootSafe.api@1.0.0~full: LootSafe.api@1.0.0
8 verbose lifecycle LootSafe.api@1.0.0~full: unsafe-perm in lifecycle true
9 verbose lifecycle LootSafe.api@1.0.0~full: PATH: /usr/share/npm/bin/node-gyp-bin:/home/matt/Documents/LootSafe/LootSafe.api/node_modules/.bin:/usr/local/sbin:/usr/local/bin:/usr/sbin:/usr/bin:/sbin:/bin:/usr/games:/usr/local/games:/snap/bin
10 verbose lifecycle LootSafe.api@1.0.0~full: CWD: /home/matt/Documents/LootSafe/LootSafe.api
11 silly lifecycle LootSafe.api@1.0.0~full: Args: [ '-c', 'npm run deploy && npm start' ]
12 silly lifecycle LootSafe.api@1.0.0~full: Returned: code: 1  signal: null
13 info lifecycle LootSafe.api@1.0.0~full: Failed to exec full script
14 verbose stack Error: LootSafe.api@1.0.0 full: `npm run deploy && npm start`
14 verbose stack Exit status 1
14 verbose stack     at EventEmitter.<anonymous> (/usr/share/npm/lib/utils/lifecycle.js:232:16)
14 verbose stack     at emitTwo (events.js:126:13)
14 verbose stack     at EventEmitter.emit (events.js:214:7)
14 verbose stack     at ChildProcess.<anonymous> (/usr/share/npm/lib/utils/spawn.js:24:14)
14 verbose stack     at emitTwo (events.js:126:13)
14 verbose stack     at ChildProcess.emit (events.js:214:7)
14 verbose stack     at maybeClose (internal/child_process.js:925:16)
14 verbose stack     at Process.ChildProcess._handle.onexit (internal/child_process.js:209:5)
15 verbose pkgid LootSafe.api@1.0.0
16 verbose cwd /home/matt/Documents/LootSafe/LootSafe.api
17 error Linux 4.15.0-15-generic
18 error argv "/usr/bin/node" "/usr/bin/npm" "run" "full"
19 error node v8.10.0
20 error npm  v3.5.2
21 error code ELIFECYCLE
22 error LootSafe.api@1.0.0 full: `npm run deploy && npm start`
22 error Exit status 1
23 error Failed at the LootSafe.api@1.0.0 full script 'npm run deploy && npm start'.
23 error Make sure you have the latest version of node.js and npm installed.
23 error If you do, this is most likely a problem with the LootSafe.api package,
23 error not with npm itself.
23 error Tell the author that this fails on your system:
23 error     npm run deploy && npm start
23 error You can get information on how to open an issue for this project with:
23 error     npm bugs LootSafe.api
23 error Or if that isn't available, you can get their info via:
23 error     npm owner ls LootSafe.api
23 error There is likely additional logging output above.
24 verbose exit [ 1, true ]
